{"/Users/eduardodepaula/Code/bullboard-qa/packages/api/bullMQAdapter.js": {"path":"/Users/eduardodepaula/Code/bullboard-qa/packages/api/bullMQAdapter.js","statementMap":{"0":{"start":{"line":1,"column":0},"end":{"line":1,"column":60}}},"fnMap":{},"branchMap":{},"s":{"0":1},"f":{},"b":{},"inputSourceMap":null,"_coverageSchema":"1a1c01bbd47fc00a2c39e90264f33305004495a9","hash":"b5950016aff7954ceadab3056e86644c6f6577e9"}
,"/Users/eduardodepaula/Code/bullboard-qa/packages/api/dist/src/index.js": {"path":"/Users/eduardodepaula/Code/bullboard-qa/packages/api/dist/src/index.js","statementMap":{"0":{"start":{"line":2,"column":22},"end":{"line":4,"column":1}},"1":{"start":{"line":3,"column":4},"end":{"line":3,"column":62}},"2":{"start":{"line":5,"column":0},"end":{"line":5,"column":62}},"3":{"start":{"line":6,"column":0},"end":{"line":6,"column":33}},"4":{"start":{"line":7,"column":20},"end":{"line":7,"column":42}},"5":{"start":{"line":8,"column":15},"end":{"line":8,"column":47}},"6":{"start":{"line":9,"column":17},"end":{"line":9,"column":36}},"7":{"start":{"line":10,"column":16},"end":{"line":10,"column":43}},"8":{"start":{"line":12,"column":81},"end":{"line":12,"column":118}},"9":{"start":{"line":13,"column":23},"end":{"line":13,"column":101}},"10":{"start":{"line":14,"column":4},"end":{"line":20,"column":46}},"11":{"start":{"line":21,"column":4},"end":{"line":21,"column":63}},"12":{"start":{"line":23,"column":0},"end":{"line":23,"column":42}}},"fnMap":{"0":{"name":"(anonymous_0)","decl":{"start":{"line":2,"column":56},"end":{"line":2,"column":57}},"loc":{"start":{"line":2,"column":71},"end":{"line":4,"column":1}},"line":2},"1":{"name":"createBullBoard","decl":{"start":{"line":11,"column":9},"end":{"line":11,"column":24}},"loc":{"start":{"line":11,"column":53},"end":{"line":22,"column":1}},"line":11}},"branchMap":{"0":{"loc":{"start":{"line":2,"column":22},"end":{"line":4,"column":1}},"type":"binary-expr","locations":[{"start":{"line":2,"column":23},"end":{"line":2,"column":27}},{"start":{"line":2,"column":31},"end":{"line":2,"column":51}},{"start":{"line":2,"column":56},"end":{"line":4,"column":1}}],"line":2},"1":{"loc":{"start":{"line":3,"column":11},"end":{"line":3,"column":61}},"type":"cond-expr","locations":[{"start":{"line":3,"column":37},"end":{"line":3,"column":40}},{"start":{"line":3,"column":43},"end":{"line":3,"column":61}}],"line":3},"2":{"loc":{"start":{"line":3,"column":12},"end":{"line":3,"column":33}},"type":"binary-expr","locations":[{"start":{"line":3,"column":12},"end":{"line":3,"column":15}},{"start":{"line":3,"column":19},"end":{"line":3,"column":33}}],"line":3}},"s":{"0":2,"1":2,"2":2,"3":2,"4":2,"5":2,"6":2,"7":2,"8":8,"9":8,"10":8,"11":8,"12":2},"f":{"0":2,"1":8},"b":{"0":[2,2,2],"1":[0,2],"2":[2,2]},"inputSourceMap":null,"_coverageSchema":"1a1c01bbd47fc00a2c39e90264f33305004495a9","hash":"932ce839cbf371602606bd9820acf430f8cad108"}
,"/Users/eduardodepaula/Code/bullboard-qa/packages/api/dist/src/queuesApi.js": {"path":"/Users/eduardodepaula/Code/bullboard-qa/packages/api/dist/src/queuesApi.js","statementMap":{"0":{"start":{"line":2,"column":0},"end":{"line":2,"column":62}},"1":{"start":{"line":3,"column":0},"end":{"line":3,"column":30}},"2":{"start":{"line":5,"column":28},"end":{"line":5,"column":37}},"3":{"start":{"line":7,"column":21},"end":{"line":7,"column":36}},"4":{"start":{"line":8,"column":8},"end":{"line":8,"column":41}},"5":{"start":{"line":11,"column":21},"end":{"line":11,"column":90}},"6":{"start":{"line":12,"column":8},"end":{"line":12,"column":37}},"7":{"start":{"line":15,"column":8},"end":{"line":18,"column":11}},"8":{"start":{"line":16,"column":25},"end":{"line":16,"column":40}},"9":{"start":{"line":17,"column":12},"end":{"line":17,"column":45}},"10":{"start":{"line":21,"column":32},"end":{"line":21,"column":77}},"11":{"start":{"line":21,"column":61},"end":{"line":21,"column":76}},"12":{"start":{"line":22,"column":8},"end":{"line":26,"column":11}},"13":{"start":{"line":23,"column":12},"end":{"line":25,"column":13}},"14":{"start":{"line":24,"column":16},"end":{"line":24,"column":45}},"15":{"start":{"line":27,"column":8},"end":{"line":27,"column":40}},"16":{"start":{"line":29,"column":4},"end":{"line":29,"column":22}},"17":{"start":{"line":30,"column":4},"end":{"line":30,"column":80}},"18":{"start":{"line":32,"column":0},"end":{"line":32,"column":36}}},"fnMap":{"0":{"name":"getQueuesApi","decl":{"start":{"line":4,"column":9},"end":{"line":4,"column":21}},"loc":{"start":{"line":4,"column":30},"end":{"line":31,"column":1}},"line":4},"1":{"name":"addQueue","decl":{"start":{"line":6,"column":13},"end":{"line":6,"column":21}},"loc":{"start":{"line":6,"column":29},"end":{"line":9,"column":5}},"line":6},"2":{"name":"removeQueue","decl":{"start":{"line":10,"column":13},"end":{"line":10,"column":24}},"loc":{"start":{"line":10,"column":38},"end":{"line":13,"column":5}},"line":10},"3":{"name":"setQueues","decl":{"start":{"line":14,"column":13},"end":{"line":14,"column":22}},"loc":{"start":{"line":14,"column":38},"end":{"line":19,"column":5}},"line":14},"4":{"name":"(anonymous_4)","decl":{"start":{"line":15,"column":30},"end":{"line":15,"column":31}},"loc":{"start":{"line":15,"column":41},"end":{"line":18,"column":9}},"line":15},"5":{"name":"replaceQueues","decl":{"start":{"line":20,"column":13},"end":{"line":20,"column":26}},"loc":{"start":{"line":20,"column":42},"end":{"line":28,"column":5}},"line":20},"6":{"name":"(anonymous_6)","decl":{"start":{"line":21,"column":50},"end":{"line":21,"column":51}},"loc":{"start":{"line":21,"column":61},"end":{"line":21,"column":76}},"line":21},"7":{"name":"(anonymous_7)","decl":{"start":{"line":22,"column":32},"end":{"line":22,"column":33}},"loc":{"start":{"line":22,"column":50},"end":{"line":26,"column":9}},"line":22}},"branchMap":{"0":{"loc":{"start":{"line":11,"column":21},"end":{"line":11,"column":90}},"type":"cond-expr","locations":[{"start":{"line":11,"column":55},"end":{"line":11,"column":66}},{"start":{"line":11,"column":69},"end":{"line":11,"column":90}}],"line":11},"1":{"loc":{"start":{"line":23,"column":12},"end":{"line":25,"column":13}},"type":"if","locations":[{"start":{"line":23,"column":12},"end":{"line":25,"column":13}},{"start":{},"end":{}}],"line":23}},"s":{"0":2,"1":2,"2":8,"3":3,"4":3,"5":2,"6":2,"7":10,"8":7,"9":7,"10":2,"11":2,"12":2,"13":2,"14":2,"15":2,"16":8,"17":8,"18":2},"f":{"0":8,"1":3,"2":2,"3":10,"4":7,"5":2,"6":2,"7":2},"b":{"0":[1,1],"1":[2,0]},"inputSourceMap":null,"_coverageSchema":"1a1c01bbd47fc00a2c39e90264f33305004495a9","hash":"9841ed266e6c9b5f54c67d22386412e29ca62ee4"}
,"/Users/eduardodepaula/Code/bullboard-qa/packages/api/dist/src/routes.js": {"path":"/Users/eduardodepaula/Code/bullboard-qa/packages/api/dist/src/routes.js","statementMap":{"0":{"start":{"line":2,"column":0},"end":{"line":2,"column":62}},"1":{"start":{"line":3,"column":0},"end":{"line":3,"column":27}},"2":{"start":{"line":4,"column":19},"end":{"line":4,"column":49}},"3":{"start":{"line":5,"column":19},"end":{"line":5,"column":49}},"4":{"start":{"line":6,"column":21},"end":{"line":6,"column":53}},"5":{"start":{"line":7,"column":18},"end":{"line":7,"column":47}},"6":{"start":{"line":8,"column":21},"end":{"line":8,"column":53}},"7":{"start":{"line":9,"column":20},"end":{"line":9,"column":51}},"8":{"start":{"line":10,"column":17},"end":{"line":10,"column":45}},"9":{"start":{"line":11,"column":21},"end":{"line":11,"column":53}},"10":{"start":{"line":12,"column":22},"end":{"line":12,"column":55}},"11":{"start":{"line":13,"column":19},"end":{"line":13,"column":49}},"12":{"start":{"line":14,"column":19},"end":{"line":14,"column":49}},"13":{"start":{"line":15,"column":0},"end":{"line":65,"column":2}}},"fnMap":{},"branchMap":{},"s":{"0":2,"1":2,"2":2,"3":2,"4":2,"5":2,"6":2,"7":2,"8":2,"9":2,"10":2,"11":2,"12":2,"13":2},"f":{},"b":{},"inputSourceMap":null,"_coverageSchema":"1a1c01bbd47fc00a2c39e90264f33305004495a9","hash":"381acf71097dc48fd9a2a40e1a66be863857c1d9"}
,"/Users/eduardodepaula/Code/bullboard-qa/packages/api/dist/src/constants/statuses.js": {"path":"/Users/eduardodepaula/Code/bullboard-qa/packages/api/dist/src/constants/statuses.js","statementMap":{"0":{"start":{"line":2,"column":0},"end":{"line":2,"column":62}},"1":{"start":{"line":3,"column":0},"end":{"line":3,"column":26}},"2":{"start":{"line":4,"column":0},"end":{"line":12,"column":2}}},"fnMap":{},"branchMap":{},"s":{"0":2,"1":2,"2":2},"f":{},"b":{},"inputSourceMap":null,"_coverageSchema":"1a1c01bbd47fc00a2c39e90264f33305004495a9","hash":"304a8d6fb7261c10d9ef590325a843e5734e5340"}
,"/Users/eduardodepaula/Code/bullboard-qa/packages/api/dist/src/handlers/cleanAll.js": {"path":"/Users/eduardodepaula/Code/bullboard-qa/packages/api/dist/src/handlers/cleanAll.js","statementMap":{"0":{"start":{"line":2,"column":0},"end":{"line":2,"column":62}},"1":{"start":{"line":3,"column":0},"end":{"line":3,"column":33}},"2":{"start":{"line":4,"column":16},"end":{"line":4,"column":45}},"3":{"start":{"line":6,"column":28},"end":{"line":6,"column":38}},"4":{"start":{"line":7,"column":26},"end":{"line":7,"column":30}},"5":{"start":{"line":8,"column":4},"end":{"line":8,"column":50}},"6":{"start":{"line":9,"column":4},"end":{"line":12,"column":6}},"7":{"start":{"line":14,"column":0},"end":{"line":14,"column":63}}},"fnMap":{"0":{"name":"cleanAll","decl":{"start":{"line":5,"column":15},"end":{"line":5,"column":23}},"loc":{"start":{"line":5,"column":36},"end":{"line":13,"column":1}},"line":5}},"branchMap":{},"s":{"0":2,"1":2,"2":2,"3":0,"4":0,"5":0,"6":0,"7":2},"f":{"0":0},"b":{},"inputSourceMap":null,"_coverageSchema":"1a1c01bbd47fc00a2c39e90264f33305004495a9","hash":"438f210b00040af5622d5025dcd9dc6eaa81fcbd"}
,"/Users/eduardodepaula/Code/bullboard-qa/packages/api/dist/src/handlers/cleanJob.js": {"path":"/Users/eduardodepaula/Code/bullboard-qa/packages/api/dist/src/handlers/cleanJob.js","statementMap":{"0":{"start":{"line":2,"column":0},"end":{"line":2,"column":62}},"1":{"start":{"line":3,"column":0},"end":{"line":3,"column":33}},"2":{"start":{"line":4,"column":14},"end":{"line":4,"column":41}},"3":{"start":{"line":5,"column":16},"end":{"line":5,"column":45}},"4":{"start":{"line":7,"column":4},"end":{"line":7,"column":23}},"5":{"start":{"line":8,"column":4},"end":{"line":11,"column":6}},"6":{"start":{"line":13,"column":0},"end":{"line":13,"column":87}}},"fnMap":{"0":{"name":"cleanJob","decl":{"start":{"line":6,"column":15},"end":{"line":6,"column":23}},"loc":{"start":{"line":6,"column":35},"end":{"line":12,"column":1}},"line":6}},"branchMap":{},"s":{"0":2,"1":2,"2":2,"3":2,"4":0,"5":0,"6":2},"f":{"0":0},"b":{},"inputSourceMap":null,"_coverageSchema":"1a1c01bbd47fc00a2c39e90264f33305004495a9","hash":"6ea6fe36190e28fea15b2ac83a59ef3500b81169"}
,"/Users/eduardodepaula/Code/bullboard-qa/packages/api/dist/src/handlers/entryPoint.js": {"path":"/Users/eduardodepaula/Code/bullboard-qa/packages/api/dist/src/handlers/entryPoint.js","statementMap":{"0":{"start":{"line":2,"column":0},"end":{"line":2,"column":62}},"1":{"start":{"line":3,"column":0},"end":{"line":3,"column":28}},"2":{"start":{"line":5,"column":4},"end":{"line":5,"column":33}},"3":{"start":{"line":7,"column":0},"end":{"line":7,"column":32}}},"fnMap":{"0":{"name":"entryPoint","decl":{"start":{"line":4,"column":9},"end":{"line":4,"column":19}},"loc":{"start":{"line":4,"column":22},"end":{"line":6,"column":1}},"line":4}},"branchMap":{},"s":{"0":2,"1":2,"2":8,"3":2},"f":{"0":8},"b":{},"inputSourceMap":null,"_coverageSchema":"1a1c01bbd47fc00a2c39e90264f33305004495a9","hash":"7135871dd72d0b3a519bb011281b6ccb882d8cba"}
,"/Users/eduardodepaula/Code/bullboard-qa/packages/api/dist/src/handlers/error.js": {"path":"/Users/eduardodepaula/Code/bullboard-qa/packages/api/dist/src/handlers/error.js","statementMap":{"0":{"start":{"line":2,"column":0},"end":{"line":2,"column":62}},"1":{"start":{"line":3,"column":0},"end":{"line":3,"column":30}},"2":{"start":{"line":5,"column":4},"end":{"line":12,"column":6}},"3":{"start":{"line":14,"column":0},"end":{"line":14,"column":36}}},"fnMap":{"0":{"name":"errorHandler","decl":{"start":{"line":4,"column":9},"end":{"line":4,"column":21}},"loc":{"start":{"line":4,"column":29},"end":{"line":13,"column":1}},"line":4}},"branchMap":{},"s":{"0":2,"1":2,"2":0,"3":2},"f":{"0":0},"b":{},"inputSourceMap":null,"_coverageSchema":"1a1c01bbd47fc00a2c39e90264f33305004495a9","hash":"50ed54fccfc51c82432092b19e22e0380f00cfc7"}
,"/Users/eduardodepaula/Code/bullboard-qa/packages/api/dist/src/handlers/jobLogs.js": {"path":"/Users/eduardodepaula/Code/bullboard-qa/packages/api/dist/src/handlers/jobLogs.js","statementMap":{"0":{"start":{"line":2,"column":0},"end":{"line":2,"column":62}},"1":{"start":{"line":3,"column":0},"end":{"line":3,"column":32}},"2":{"start":{"line":4,"column":16},"end":{"line":4,"column":45}},"3":{"start":{"line":6,"column":22},"end":{"line":6,"column":32}},"4":{"start":{"line":7,"column":17},"end":{"line":7,"column":46}},"5":{"start":{"line":8,"column":4},"end":{"line":11,"column":6}},"6":{"start":{"line":13,"column":0},"end":{"line":15,"column":3}}},"fnMap":{"0":{"name":"jobLogs","decl":{"start":{"line":5,"column":15},"end":{"line":5,"column":22}},"loc":{"start":{"line":5,"column":35},"end":{"line":12,"column":1}},"line":5}},"branchMap":{},"s":{"0":2,"1":2,"2":2,"3":0,"4":0,"5":0,"6":2},"f":{"0":0},"b":{},"inputSourceMap":null,"_coverageSchema":"1a1c01bbd47fc00a2c39e90264f33305004495a9","hash":"a9a415ae0e4969c9e75fe2f93dea81216f7940b1"}
,"/Users/eduardodepaula/Code/bullboard-qa/packages/api/dist/src/handlers/pauseQueue.js": {"path":"/Users/eduardodepaula/Code/bullboard-qa/packages/api/dist/src/handlers/pauseQueue.js","statementMap":{"0":{"start":{"line":2,"column":0},"end":{"line":2,"column":62}},"1":{"start":{"line":3,"column":0},"end":{"line":3,"column":35}},"2":{"start":{"line":4,"column":16},"end":{"line":4,"column":45}},"3":{"start":{"line":6,"column":4},"end":{"line":6,"column":24}},"4":{"start":{"line":7,"column":4},"end":{"line":7,"column":37}},"5":{"start":{"line":9,"column":0},"end":{"line":9,"column":67}}},"fnMap":{"0":{"name":"pauseQueue","decl":{"start":{"line":5,"column":15},"end":{"line":5,"column":25}},"loc":{"start":{"line":5,"column":39},"end":{"line":8,"column":1}},"line":5}},"branchMap":{},"s":{"0":2,"1":2,"2":2,"3":0,"4":0,"5":2},"f":{"0":0},"b":{},"inputSourceMap":null,"_coverageSchema":"1a1c01bbd47fc00a2c39e90264f33305004495a9","hash":"dec9b2f14d85a3ac118963be5da39462476a82af"}
,"/Users/eduardodepaula/Code/bullboard-qa/packages/api/dist/src/handlers/promotJob.js": {"path":"/Users/eduardodepaula/Code/bullboard-qa/packages/api/dist/src/handlers/promotJob.js","statementMap":{"0":{"start":{"line":2,"column":0},"end":{"line":2,"column":62}},"1":{"start":{"line":3,"column":0},"end":{"line":3,"column":35}},"2":{"start":{"line":4,"column":16},"end":{"line":4,"column":45}},"3":{"start":{"line":5,"column":14},"end":{"line":5,"column":41}},"4":{"start":{"line":7,"column":4},"end":{"line":7,"column":24}},"5":{"start":{"line":8,"column":4},"end":{"line":11,"column":6}},"6":{"start":{"line":13,"column":0},"end":{"line":13,"column":91}}},"fnMap":{"0":{"name":"promoteJob","decl":{"start":{"line":6,"column":15},"end":{"line":6,"column":25}},"loc":{"start":{"line":6,"column":37},"end":{"line":12,"column":1}},"line":6}},"branchMap":{},"s":{"0":2,"1":2,"2":2,"3":2,"4":0,"5":0,"6":2},"f":{"0":0},"b":{},"inputSourceMap":null,"_coverageSchema":"1a1c01bbd47fc00a2c39e90264f33305004495a9","hash":"f637b2d0611766ba618e8a1fa6b8e3847d8858af"}
,"/Users/eduardodepaula/Code/bullboard-qa/packages/api/dist/src/handlers/queues.js": {"path":"/Users/eduardodepaula/Code/bullboard-qa/packages/api/dist/src/handlers/queues.js","statementMap":{"0":{"start":{"line":2,"column":0},"end":{"line":2,"column":62}},"1":{"start":{"line":3,"column":0},"end":{"line":3,"column":31}},"2":{"start":{"line":4,"column":19},"end":{"line":4,"column":51}},"3":{"start":{"line":5,"column":18},"end":{"line":24,"column":1}},"4":{"start":{"line":6,"column":21},"end":{"line":6,"column":33}},"5":{"start":{"line":7,"column":23},"end":{"line":7,"column":85}},"6":{"start":{"line":8,"column":4},"end":{"line":23,"column":6}},"7":{"start":{"line":25,"column":20},"end":{"line":32,"column":1}},"8":{"start":{"line":33,"column":21},"end":{"line":33,"column":23}},"9":{"start":{"line":35,"column":27},"end":{"line":35,"column":46}},"10":{"start":{"line":36,"column":18},"end":{"line":38,"column":29}},"11":{"start":{"line":37,"column":45},"end":{"line":37,"column":91}},"12":{"start":{"line":39,"column":18},"end":{"line":39,"column":71}},"13":{"start":{"line":40,"column":22},"end":{"line":40,"column":74}},"14":{"start":{"line":41,"column":4},"end":{"line":44,"column":6}},"15":{"start":{"line":47,"column":4},"end":{"line":68,"column":8}},"16":{"start":{"line":48,"column":30},"end":{"line":48,"column":81}},"17":{"start":{"line":49,"column":23},"end":{"line":49,"column":97}},"18":{"start":{"line":50,"column":28},"end":{"line":50,"column":44}},"19":{"start":{"line":51,"column":23},"end":{"line":51,"column":63}},"20":{"start":{"line":52,"column":25},"end":{"line":52,"column":47}},"21":{"start":{"line":53,"column":27},"end":{"line":53,"column":69}},"22":{"start":{"line":54,"column":21},"end":{"line":56,"column":16}},"23":{"start":{"line":57,"column":28},"end":{"line":57,"column":63}},"24":{"start":{"line":58,"column":8},"end":{"line":67,"column":10}},"25":{"start":{"line":62,"column":52},"end":{"line":62,"column":73}},"26":{"start":{"line":71,"column":18},"end":{"line":71,"column":48}},"27":{"start":{"line":72,"column":19},"end":{"line":72,"column":75}},"28":{"start":{"line":73,"column":4},"end":{"line":77,"column":6}},"29":{"start":{"line":79,"column":0},"end":{"line":79,"column":38}}},"fnMap":{"0":{"name":"(anonymous_0)","decl":{"start":{"line":5,"column":18},"end":{"line":5,"column":19}},"loc":{"start":{"line":5,"column":34},"end":{"line":24,"column":1}},"line":5},"1":{"name":"getPagination","decl":{"start":{"line":34,"column":9},"end":{"line":34,"column":22}},"loc":{"start":{"line":34,"column":54},"end":{"line":45,"column":1}},"line":34},"2":{"name":"(anonymous_2)","decl":{"start":{"line":37,"column":26},"end":{"line":37,"column":27}},"loc":{"start":{"line":37,"column":45},"end":{"line":37,"column":91}},"line":37},"3":{"name":"getAppQueues","decl":{"start":{"line":46,"column":15},"end":{"line":46,"column":27}},"loc":{"start":{"line":46,"column":42},"end":{"line":69,"column":1}},"line":46},"4":{"name":"(anonymous_4)","decl":{"start":{"line":47,"column":33},"end":{"line":47,"column":34}},"loc":{"start":{"line":47,"column":63},"end":{"line":68,"column":5}},"line":47},"5":{"name":"(anonymous_5)","decl":{"start":{"line":62,"column":43},"end":{"line":62,"column":44}},"loc":{"start":{"line":62,"column":52},"end":{"line":62,"column":73}},"line":62},"6":{"name":"queuesHandler","decl":{"start":{"line":70,"column":15},"end":{"line":70,"column":28}},"loc":{"start":{"line":70,"column":71},"end":{"line":78,"column":1}},"line":70}},"branchMap":{"0":{"loc":{"start":{"line":7,"column":23},"end":{"line":7,"column":85}},"type":"cond-expr","locations":[{"start":{"line":7,"column":45},"end":{"line":7,"column":80}},{"start":{"line":7,"column":83},"end":{"line":7,"column":85}}],"line":7},"1":{"loc":{"start":{"line":22,"column":18},"end":{"line":22,"column":97}},"type":"binary-expr","locations":[{"start":{"line":22,"column":18},"end":{"line":22,"column":41}},{"start":{"line":22,"column":46},"end":{"line":22,"column":71}},{"start":{"line":22,"column":75},"end":{"line":22,"column":96}}],"line":22},"2":{"loc":{"start":{"line":36,"column":18},"end":{"line":38,"column":29}},"type":"cond-expr","locations":[{"start":{"line":37,"column":10},"end":{"line":37,"column":95}},{"start":{"line":38,"column":10},"end":{"line":38,"column":29}}],"line":36},"3":{"loc":{"start":{"line":39,"column":18},"end":{"line":39,"column":71}},"type":"cond-expr","locations":[{"start":{"line":39,"column":35},"end":{"line":39,"column":36}},{"start":{"line":39,"column":39},"end":{"line":39,"column":71}}],"line":39},"4":{"loc":{"start":{"line":40,"column":22},"end":{"line":40,"column":74}},"type":"cond-expr","locations":[{"start":{"line":40,"column":39},"end":{"line":40,"column":40}},{"start":{"line":40,"column":43},"end":{"line":40,"column":74}}],"line":40},"5":{"loc":{"start":{"line":49,"column":23},"end":{"line":49,"column":97}},"type":"cond-expr","locations":[{"start":{"line":49,"column":69},"end":{"line":49,"column":80}},{"start":{"line":49,"column":83},"end":{"line":49,"column":97}}],"line":49},"6":{"loc":{"start":{"line":49,"column":23},"end":{"line":49,"column":66}},"type":"binary-expr","locations":[{"start":{"line":49,"column":23},"end":{"line":49,"column":37}},{"start":{"line":49,"column":41},"end":{"line":49,"column":66}}],"line":49},"7":{"loc":{"start":{"line":50,"column":28},"end":{"line":50,"column":44}},"type":"binary-expr","locations":[{"start":{"line":50,"column":28},"end":{"line":50,"column":39}},{"start":{"line":50,"column":43},"end":{"line":50,"column":44}}],"line":50},"8":{"loc":{"start":{"line":54,"column":21},"end":{"line":56,"column":16}},"type":"cond-expr","locations":[{"start":{"line":55,"column":14},"end":{"line":55,"column":87}},{"start":{"line":56,"column":14},"end":{"line":56,"column":16}}],"line":54},"9":{"loc":{"start":{"line":57,"column":28},"end":{"line":57,"column":63}},"type":"binary-expr","locations":[{"start":{"line":57,"column":28},"end":{"line":57,"column":50}},{"start":{"line":57,"column":54},"end":{"line":57,"column":63}}],"line":57},"10":{"loc":{"start":{"line":70,"column":56},"end":{"line":70,"column":66}},"type":"default-arg","locations":[{"start":{"line":70,"column":64},"end":{"line":70,"column":66}}],"line":70},"11":{"loc":{"start":{"line":72,"column":19},"end":{"line":72,"column":75}},"type":"cond-expr","locations":[{"start":{"line":72,"column":38},"end":{"line":72,"column":70}},{"start":{"line":72,"column":73},"end":{"line":72,"column":75}}],"line":72}},"s":{"0":2,"1":2,"2":2,"3":2,"4":0,"5":0,"6":0,"7":2,"8":2,"9":10,"10":10,"11":60,"12":10,"13":10,"14":10,"15":9,"16":10,"17":10,"18":10,"19":10,"20":10,"21":10,"22":10,"23":10,"24":10,"25":0,"26":12,"27":12,"28":12,"29":2},"f":{"0":0,"1":10,"2":60,"3":9,"4":10,"5":0,"6":12},"b":{"0":[0,0],"1":[0,0,0],"2":[10,0],"3":[10,0],"4":[10,0],"5":[10,0],"6":[10,0],"7":[10,10],"8":[0,10],"9":[10,10],"10":[0],"11":[9,3]},"inputSourceMap":null,"_coverageSchema":"1a1c01bbd47fc00a2c39e90264f33305004495a9","hash":"7a96ebfb66771d5cd6feb474be7cdba639268f5d"}
,"/Users/eduardodepaula/Code/bullboard-qa/packages/api/dist/src/handlers/redisStats.js": {"path":"/Users/eduardodepaula/Code/bullboard-qa/packages/api/dist/src/handlers/redisStats.js","statementMap":{"0":{"start":{"line":2,"column":0},"end":{"line":2,"column":62}},"1":{"start":{"line":3,"column":0},"end":{"line":3,"column":35}},"2":{"start":{"line":4,"column":21},"end":{"line":4,"column":42}},"3":{"start":{"line":6,"column":17},"end":{"line":6,"column":40}},"4":{"start":{"line":7,"column":17},"end":{"line":7,"column":38}},"5":{"start":{"line":7,"column":48},"end":{"line":7,"column":66}},"6":{"start":{"line":7,"column":78},"end":{"line":7,"column":98}},"7":{"start":{"line":7,"column":110},"end":{"line":7,"column":130}},"8":{"start":{"line":9,"column":21},"end":{"line":9,"column":23}},"9":{"start":{"line":11,"column":4},"end":{"line":12,"column":62}},"10":{"start":{"line":12,"column":8},"end":{"line":12,"column":62}},"11":{"start":{"line":13,"column":4},"end":{"line":14,"column":65}},"12":{"start":{"line":14,"column":8},"end":{"line":14,"column":65}},"13":{"start":{"line":15,"column":4},"end":{"line":16,"column":71}},"14":{"start":{"line":16,"column":8},"end":{"line":16,"column":71}},"15":{"start":{"line":17,"column":4},"end":{"line":18,"column":71}},"16":{"start":{"line":18,"column":8},"end":{"line":18,"column":71}},"17":{"start":{"line":19,"column":4},"end":{"line":19,"column":31}},"18":{"start":{"line":22,"column":25},"end":{"line":22,"column":51}},"19":{"start":{"line":23,"column":22},"end":{"line":23,"column":59}},"20":{"start":{"line":24,"column":4},"end":{"line":40,"column":6}},"21":{"start":{"line":43,"column":18},"end":{"line":43,"column":47}},"22":{"start":{"line":44,"column":17},"end":{"line":44,"column":65}},"23":{"start":{"line":45,"column":4},"end":{"line":47,"column":6}},"24":{"start":{"line":49,"column":0},"end":{"line":49,"column":46}}},"fnMap":{"0":{"name":"formatUptime","decl":{"start":{"line":5,"column":9},"end":{"line":5,"column":21}},"loc":{"start":{"line":5,"column":30},"end":{"line":20,"column":1}},"line":5},"1":{"name":"getStats","decl":{"start":{"line":21,"column":15},"end":{"line":21,"column":23}},"loc":{"start":{"line":21,"column":31},"end":{"line":41,"column":1}},"line":21},"2":{"name":"redisStatsHandler","decl":{"start":{"line":42,"column":15},"end":{"line":42,"column":32}},"loc":{"start":{"line":42,"column":63},"end":{"line":48,"column":1}},"line":42}},"branchMap":{"0":{"loc":{"start":{"line":11,"column":4},"end":{"line":12,"column":62}},"type":"if","locations":[{"start":{"line":11,"column":4},"end":{"line":12,"column":62}},{"start":{},"end":{}}],"line":11},"1":{"loc":{"start":{"line":12,"column":39},"end":{"line":12,"column":59}},"type":"cond-expr","locations":[{"start":{"line":12,"column":51},"end":{"line":12,"column":53}},{"start":{"line":12,"column":56},"end":{"line":12,"column":59}}],"line":12},"2":{"loc":{"start":{"line":13,"column":4},"end":{"line":14,"column":65}},"type":"if","locations":[{"start":{"line":13,"column":4},"end":{"line":14,"column":65}},{"start":{},"end":{}}],"line":13},"3":{"loc":{"start":{"line":14,"column":41},"end":{"line":14,"column":62}},"type":"cond-expr","locations":[{"start":{"line":14,"column":54},"end":{"line":14,"column":56}},{"start":{"line":14,"column":59},"end":{"line":14,"column":62}}],"line":14},"4":{"loc":{"start":{"line":15,"column":4},"end":{"line":16,"column":71}},"type":"if","locations":[{"start":{"line":15,"column":4},"end":{"line":16,"column":71}},{"start":{},"end":{}}],"line":15},"5":{"loc":{"start":{"line":16,"column":45},"end":{"line":16,"column":68}},"type":"cond-expr","locations":[{"start":{"line":16,"column":60},"end":{"line":16,"column":62}},{"start":{"line":16,"column":65},"end":{"line":16,"column":68}}],"line":16},"6":{"loc":{"start":{"line":17,"column":4},"end":{"line":18,"column":71}},"type":"if","locations":[{"start":{"line":17,"column":4},"end":{"line":18,"column":71}},{"start":{},"end":{}}],"line":17},"7":{"loc":{"start":{"line":17,"column":8},"end":{"line":17,"column":33}},"type":"binary-expr","locations":[{"start":{"line":17,"column":8},"end":{"line":17,"column":19}},{"start":{"line":17,"column":23},"end":{"line":17,"column":33}}],"line":17},"8":{"loc":{"start":{"line":18,"column":45},"end":{"line":18,"column":68}},"type":"cond-expr","locations":[{"start":{"line":18,"column":60},"end":{"line":18,"column":62}},{"start":{"line":18,"column":65},"end":{"line":18,"column":68}}],"line":18},"9":{"loc":{"start":{"line":31,"column":19},"end":{"line":31,"column":73}},"type":"binary-expr","locations":[{"start":{"line":31,"column":19},"end":{"line":31,"column":49}},{"start":{"line":31,"column":53},"end":{"line":31,"column":73}}],"line":31},"10":{"loc":{"start":{"line":44,"column":17},"end":{"line":44,"column":65}},"type":"cond-expr","locations":[{"start":{"line":44,"column":36},"end":{"line":44,"column":60}},{"start":{"line":44,"column":63},"end":{"line":44,"column":65}}],"line":44}},"s":{"0":2,"1":2,"2":2,"3":0,"4":0,"5":0,"6":0,"7":0,"8":0,"9":0,"10":0,"11":0,"12":0,"13":0,"14":0,"15":0,"16":0,"17":0,"18":0,"19":0,"20":0,"21":0,"22":0,"23":0,"24":2},"f":{"0":0,"1":0,"2":0},"b":{"0":[0,0],"1":[0,0],"2":[0,0],"3":[0,0],"4":[0,0],"5":[0,0],"6":[0,0],"7":[0,0],"8":[0,0],"9":[0,0],"10":[0,0]},"inputSourceMap":null,"_coverageSchema":"1a1c01bbd47fc00a2c39e90264f33305004495a9","hash":"bfb4cf803f7241282a7f2aaf4f13302702516bf2"}
,"/Users/eduardodepaula/Code/bullboard-qa/packages/api/dist/src/handlers/resumeQueue.js": {"path":"/Users/eduardodepaula/Code/bullboard-qa/packages/api/dist/src/handlers/resumeQueue.js","statementMap":{"0":{"start":{"line":2,"column":0},"end":{"line":2,"column":62}},"1":{"start":{"line":3,"column":0},"end":{"line":3,"column":36}},"2":{"start":{"line":4,"column":16},"end":{"line":4,"column":45}},"3":{"start":{"line":6,"column":4},"end":{"line":6,"column":25}},"4":{"start":{"line":7,"column":4},"end":{"line":7,"column":37}},"5":{"start":{"line":9,"column":0},"end":{"line":9,"column":69}}},"fnMap":{"0":{"name":"resumeQueue","decl":{"start":{"line":5,"column":15},"end":{"line":5,"column":26}},"loc":{"start":{"line":5,"column":40},"end":{"line":8,"column":1}},"line":5}},"branchMap":{},"s":{"0":2,"1":2,"2":2,"3":0,"4":0,"5":2},"f":{"0":0},"b":{},"inputSourceMap":null,"_coverageSchema":"1a1c01bbd47fc00a2c39e90264f33305004495a9","hash":"a8ede7e3bca9a1b52f28d490c12be1e1de33f988"}
,"/Users/eduardodepaula/Code/bullboard-qa/packages/api/dist/src/handlers/retryAll.js": {"path":"/Users/eduardodepaula/Code/bullboard-qa/packages/api/dist/src/handlers/retryAll.js","statementMap":{"0":{"start":{"line":2,"column":0},"end":{"line":2,"column":62}},"1":{"start":{"line":3,"column":0},"end":{"line":3,"column":33}},"2":{"start":{"line":4,"column":16},"end":{"line":4,"column":45}},"3":{"start":{"line":5,"column":19},"end":{"line":5,"column":51}},"4":{"start":{"line":7,"column":17},"end":{"line":7,"column":66}},"5":{"start":{"line":8,"column":4},"end":{"line":8,"column":54}},"6":{"start":{"line":8,"column":40},"end":{"line":8,"column":51}},"7":{"start":{"line":9,"column":4},"end":{"line":9,"column":37}},"8":{"start":{"line":11,"column":0},"end":{"line":11,"column":63}}},"fnMap":{"0":{"name":"retryAll","decl":{"start":{"line":6,"column":15},"end":{"line":6,"column":23}},"loc":{"start":{"line":6,"column":37},"end":{"line":10,"column":1}},"line":6},"1":{"name":"(anonymous_1)","decl":{"start":{"line":8,"column":31},"end":{"line":8,"column":32}},"loc":{"start":{"line":8,"column":40},"end":{"line":8,"column":51}},"line":8}},"branchMap":{},"s":{"0":2,"1":2,"2":2,"3":2,"4":0,"5":0,"6":0,"7":0,"8":2},"f":{"0":0,"1":0},"b":{},"inputSourceMap":null,"_coverageSchema":"1a1c01bbd47fc00a2c39e90264f33305004495a9","hash":"fd5f460fc276bf9754c236753217b22eaeb1bb3c"}
,"/Users/eduardodepaula/Code/bullboard-qa/packages/api/dist/src/handlers/retryJob.js": {"path":"/Users/eduardodepaula/Code/bullboard-qa/packages/api/dist/src/handlers/retryJob.js","statementMap":{"0":{"start":{"line":2,"column":0},"end":{"line":2,"column":62}},"1":{"start":{"line":3,"column":0},"end":{"line":3,"column":33}},"2":{"start":{"line":4,"column":14},"end":{"line":4,"column":41}},"3":{"start":{"line":5,"column":16},"end":{"line":5,"column":45}},"4":{"start":{"line":7,"column":4},"end":{"line":7,"column":22}},"5":{"start":{"line":8,"column":4},"end":{"line":11,"column":6}},"6":{"start":{"line":13,"column":0},"end":{"line":13,"column":87}}},"fnMap":{"0":{"name":"retryJob","decl":{"start":{"line":6,"column":15},"end":{"line":6,"column":23}},"loc":{"start":{"line":6,"column":35},"end":{"line":12,"column":1}},"line":6}},"branchMap":{},"s":{"0":2,"1":2,"2":2,"3":2,"4":0,"5":0,"6":2},"f":{"0":0},"b":{},"inputSourceMap":null,"_coverageSchema":"1a1c01bbd47fc00a2c39e90264f33305004495a9","hash":"144c769337366f0d225c2ee11c981fd65b0d3ca7"}
,"/Users/eduardodepaula/Code/bullboard-qa/packages/api/dist/src/providers/job.js": {"path":"/Users/eduardodepaula/Code/bullboard-qa/packages/api/dist/src/providers/job.js","statementMap":{"0":{"start":{"line":2,"column":0},"end":{"line":2,"column":62}},"1":{"start":{"line":3,"column":0},"end":{"line":3,"column":29}},"2":{"start":{"line":5,"column":4},"end":{"line":17,"column":6}},"3":{"start":{"line":6,"column":26},"end":{"line":6,"column":36}},"4":{"start":{"line":7,"column":20},"end":{"line":7,"column":45}},"5":{"start":{"line":8,"column":8},"end":{"line":15,"column":9}},"6":{"start":{"line":9,"column":12},"end":{"line":14,"column":14}},"7":{"start":{"line":16,"column":8},"end":{"line":16,"column":30}},"8":{"start":{"line":19,"column":0},"end":{"line":19,"column":34}}},"fnMap":{"0":{"name":"jobProvider","decl":{"start":{"line":4,"column":9},"end":{"line":4,"column":20}},"loc":{"start":{"line":4,"column":27},"end":{"line":18,"column":1}},"line":4},"1":{"name":"(anonymous_1)","decl":{"start":{"line":5,"column":11},"end":{"line":5,"column":12}},"loc":{"start":{"line":5,"column":33},"end":{"line":17,"column":5}},"line":5}},"branchMap":{"0":{"loc":{"start":{"line":8,"column":8},"end":{"line":15,"column":9}},"type":"if","locations":[{"start":{"line":8,"column":8},"end":{"line":15,"column":9}},{"start":{},"end":{}}],"line":8}},"s":{"0":2,"1":2,"2":6,"3":0,"4":0,"5":0,"6":0,"7":0,"8":2},"f":{"0":6,"1":0},"b":{"0":[0,0]},"inputSourceMap":null,"_coverageSchema":"1a1c01bbd47fc00a2c39e90264f33305004495a9","hash":"beb18257489be5010b85696059274dca2bc7f50b"}
,"/Users/eduardodepaula/Code/bullboard-qa/packages/api/dist/src/providers/queue.js": {"path":"/Users/eduardodepaula/Code/bullboard-qa/packages/api/dist/src/providers/queue.js","statementMap":{"0":{"start":{"line":2,"column":0},"end":{"line":2,"column":62}},"1":{"start":{"line":3,"column":0},"end":{"line":3,"column":31}},"2":{"start":{"line":5,"column":4},"end":{"line":18,"column":6}},"3":{"start":{"line":6,"column":30},"end":{"line":6,"column":40}},"4":{"start":{"line":7,"column":22},"end":{"line":7,"column":47}},"5":{"start":{"line":8,"column":8},"end":{"line":16,"column":9}},"6":{"start":{"line":9,"column":12},"end":{"line":9,"column":71}},"7":{"start":{"line":11,"column":13},"end":{"line":16,"column":9}},"8":{"start":{"line":12,"column":12},"end":{"line":15,"column":14}},"9":{"start":{"line":17,"column":8},"end":{"line":17,"column":32}},"10":{"start":{"line":20,"column":0},"end":{"line":20,"column":38}}},"fnMap":{"0":{"name":"queueProvider","decl":{"start":{"line":4,"column":9},"end":{"line":4,"column":22}},"loc":{"start":{"line":4,"column":70},"end":{"line":19,"column":1}},"line":4},"1":{"name":"(anonymous_1)","decl":{"start":{"line":5,"column":11},"end":{"line":5,"column":12}},"loc":{"start":{"line":5,"column":26},"end":{"line":18,"column":5}},"line":5}},"branchMap":{"0":{"loc":{"start":{"line":4,"column":29},"end":{"line":4,"column":68}},"type":"default-arg","locations":[{"start":{"line":4,"column":66},"end":{"line":4,"column":68}}],"line":4},"1":{"loc":{"start":{"line":4,"column":31},"end":{"line":4,"column":60}},"type":"default-arg","locations":[{"start":{"line":4,"column":55},"end":{"line":4,"column":60}}],"line":4},"2":{"loc":{"start":{"line":8,"column":8},"end":{"line":16,"column":9}},"type":"if","locations":[{"start":{"line":8,"column":8},"end":{"line":16,"column":9}},{"start":{"line":11,"column":13},"end":{"line":16,"column":9}}],"line":8},"3":{"loc":{"start":{"line":11,"column":13},"end":{"line":16,"column":9}},"type":"if","locations":[{"start":{"line":11,"column":13},"end":{"line":16,"column":9}},{"start":{},"end":{}}],"line":11},"4":{"loc":{"start":{"line":11,"column":17},"end":{"line":11,"column":61}},"type":"binary-expr","locations":[{"start":{"line":11,"column":17},"end":{"line":11,"column":35}},{"start":{"line":11,"column":39},"end":{"line":11,"column":61}}],"line":11}},"s":{"0":2,"1":2,"2":16,"3":0,"4":0,"5":0,"6":0,"7":0,"8":0,"9":0,"10":2},"f":{"0":16,"1":0},"b":{"0":[14],"1":[14],"2":[0,0],"3":[0,0],"4":[0,0]},"inputSourceMap":null,"_coverageSchema":"1a1c01bbd47fc00a2c39e90264f33305004495a9","hash":"0e04672353d4dbc724703546227ee292632379ee"}
,"/Users/eduardodepaula/Code/bullboard-qa/packages/api/dist/src/queueAdapters/base.js": {"path":"/Users/eduardodepaula/Code/bullboard-qa/packages/api/dist/src/queueAdapters/base.js","statementMap":{"0":{"start":{"line":2,"column":0},"end":{"line":2,"column":62}},"1":{"start":{"line":3,"column":0},"end":{"line":3,"column":29}},"2":{"start":{"line":6,"column":8},"end":{"line":6,"column":36}},"3":{"start":{"line":7,"column":8},"end":{"line":7,"column":58}},"4":{"start":{"line":8,"column":8},"end":{"line":8,"column":87}},"5":{"start":{"line":9,"column":8},"end":{"line":9,"column":43}},"6":{"start":{"line":10,"column":8},"end":{"line":10,"column":53}},"7":{"start":{"line":13,"column":8},"end":{"line":13,"column":32}},"8":{"start":{"line":16,"column":8},"end":{"line":16,"column":46}},"9":{"start":{"line":20,"column":31},"end":{"line":20,"column":57}},"10":{"start":{"line":21,"column":8},"end":{"line":21,"column":90}},"11":{"start":{"line":24,"column":0},"end":{"line":24,"column":34}}},"fnMap":{"0":{"name":"(anonymous_0)","decl":{"start":{"line":5,"column":4},"end":{"line":5,"column":5}},"loc":{"start":{"line":5,"column":30},"end":{"line":11,"column":5}},"line":5},"1":{"name":"(anonymous_1)","decl":{"start":{"line":12,"column":4},"end":{"line":12,"column":5}},"loc":{"start":{"line":12,"column":21},"end":{"line":14,"column":5}},"line":12},"2":{"name":"(anonymous_2)","decl":{"start":{"line":15,"column":4},"end":{"line":15,"column":5}},"loc":{"start":{"line":15,"column":35},"end":{"line":17,"column":5}},"line":15},"3":{"name":"(anonymous_3)","decl":{"start":{"line":19,"column":4},"end":{"line":19,"column":5}},"loc":{"start":{"line":19,"column":45},"end":{"line":22,"column":5}},"line":19}},"branchMap":{"0":{"loc":{"start":{"line":5,"column":16},"end":{"line":5,"column":28}},"type":"default-arg","locations":[{"start":{"line":5,"column":26},"end":{"line":5,"column":28}}],"line":5},"1":{"loc":{"start":{"line":8,"column":28},"end":{"line":8,"column":86}},"type":"cond-expr","locations":[{"start":{"line":8,"column":48},"end":{"line":8,"column":53}},{"start":{"line":8,"column":56},"end":{"line":8,"column":86}}],"line":8},"2":{"loc":{"start":{"line":9,"column":22},"end":{"line":9,"column":42}},"type":"binary-expr","locations":[{"start":{"line":9,"column":22},"end":{"line":9,"column":36}},{"start":{"line":9,"column":40},"end":{"line":9,"column":42}}],"line":9},"3":{"loc":{"start":{"line":10,"column":27},"end":{"line":10,"column":52}},"type":"binary-expr","locations":[{"start":{"line":10,"column":27},"end":{"line":10,"column":46}},{"start":{"line":10,"column":50},"end":{"line":10,"column":52}}],"line":10},"4":{"loc":{"start":{"line":19,"column":24},"end":{"line":19,"column":43}},"type":"default-arg","locations":[{"start":{"line":19,"column":39},"end":{"line":19,"column":43}}],"line":19},"5":{"loc":{"start":{"line":21,"column":15},"end":{"line":21,"column":89}},"type":"cond-expr","locations":[{"start":{"line":21,"column":54},"end":{"line":21,"column":74}},{"start":{"line":21,"column":77},"end":{"line":21,"column":89}}],"line":21}},"s":{"0":1,"1":1,"2":11,"3":11,"4":11,"5":11,"6":11,"7":10,"8":0,"9":0,"10":0,"11":1},"f":{"0":11,"1":10,"2":0,"3":0},"b":{"0":[0],"1":[1,10],"2":[11,11],"3":[11,11],"4":[0],"5":[0,0]},"inputSourceMap":null,"_coverageSchema":"1a1c01bbd47fc00a2c39e90264f33305004495a9","hash":"d1c55a3f0fe3ac9de45ecd6a028c0f2b294e10d6"}
,"/Users/eduardodepaula/Code/bullboard-qa/packages/api/dist/src/queueAdapters/bullMQ.js": {"path":"/Users/eduardodepaula/Code/bullboard-qa/packages/api/dist/src/queueAdapters/bullMQ.js","statementMap":{"0":{"start":{"line":2,"column":0},"end":{"line":2,"column":62}},"1":{"start":{"line":3,"column":0},"end":{"line":3,"column":31}},"2":{"start":{"line":4,"column":15},"end":{"line":4,"column":32}},"3":{"start":{"line":7,"column":8},"end":{"line":7,"column":23}},"4":{"start":{"line":8,"column":8},"end":{"line":8,"column":27}},"5":{"start":{"line":9,"column":8},"end":{"line":9,"column":26}},"6":{"start":{"line":12,"column":23},"end":{"line":12,"column":46}},"7":{"start":{"line":13,"column":8},"end":{"line":13,"column":29}},"8":{"start":{"line":16,"column":8},"end":{"line":16,"column":50}},"9":{"start":{"line":19,"column":8},"end":{"line":19,"column":90}},"10":{"start":{"line":19,"column":79},"end":{"line":19,"column":88}},"11":{"start":{"line":22,"column":8},"end":{"line":22,"column":37}},"12":{"start":{"line":25,"column":8},"end":{"line":25,"column":59}},"13":{"start":{"line":28,"column":8},"end":{"line":28,"column":55}},"14":{"start":{"line":31,"column":8},"end":{"line":31,"column":66}},"15":{"start":{"line":31,"column":60},"end":{"line":31,"column":64}},"16":{"start":{"line":34,"column":8},"end":{"line":34,"column":37}},"17":{"start":{"line":37,"column":8},"end":{"line":37,"column":34}},"18":{"start":{"line":40,"column":8},"end":{"line":40,"column":35}},"19":{"start":{"line":43,"column":0},"end":{"line":43,"column":38}}},"fnMap":{"0":{"name":"(anonymous_0)","decl":{"start":{"line":6,"column":4},"end":{"line":6,"column":5}},"loc":{"start":{"line":6,"column":37},"end":{"line":10,"column":5}},"line":6},"1":{"name":"(anonymous_1)","decl":{"start":{"line":11,"column":4},"end":{"line":11,"column":5}},"loc":{"start":{"line":11,"column":25},"end":{"line":14,"column":5}},"line":11},"2":{"name":"(anonymous_2)","decl":{"start":{"line":15,"column":4},"end":{"line":15,"column":5}},"loc":{"start":{"line":15,"column":14},"end":{"line":17,"column":5}},"line":15},"3":{"name":"(anonymous_3)","decl":{"start":{"line":18,"column":4},"end":{"line":18,"column":5}},"loc":{"start":{"line":18,"column":34},"end":{"line":20,"column":5}},"line":18},"4":{"name":"(anonymous_4)","decl":{"start":{"line":19,"column":73},"end":{"line":19,"column":74}},"loc":{"start":{"line":19,"column":79},"end":{"line":19,"column":88}},"line":19},"5":{"name":"(anonymous_5)","decl":{"start":{"line":21,"column":4},"end":{"line":21,"column":5}},"loc":{"start":{"line":21,"column":15},"end":{"line":23,"column":5}},"line":21},"6":{"name":"(anonymous_6)","decl":{"start":{"line":24,"column":4},"end":{"line":24,"column":5}},"loc":{"start":{"line":24,"column":37},"end":{"line":26,"column":5}},"line":24},"7":{"name":"(anonymous_7)","decl":{"start":{"line":27,"column":4},"end":{"line":27,"column":5}},"loc":{"start":{"line":27,"column":33},"end":{"line":29,"column":5}},"line":27},"8":{"name":"(anonymous_8)","decl":{"start":{"line":30,"column":4},"end":{"line":30,"column":5}},"loc":{"start":{"line":30,"column":19},"end":{"line":32,"column":5}},"line":30},"9":{"name":"(anonymous_9)","decl":{"start":{"line":31,"column":46},"end":{"line":31,"column":47}},"loc":{"start":{"line":31,"column":60},"end":{"line":31,"column":64}},"line":31},"10":{"name":"(anonymous_10)","decl":{"start":{"line":33,"column":4},"end":{"line":33,"column":5}},"loc":{"start":{"line":33,"column":15},"end":{"line":35,"column":5}},"line":33},"11":{"name":"(anonymous_11)","decl":{"start":{"line":36,"column":4},"end":{"line":36,"column":5}},"loc":{"start":{"line":36,"column":12},"end":{"line":38,"column":5}},"line":36},"12":{"name":"(anonymous_12)","decl":{"start":{"line":39,"column":4},"end":{"line":39,"column":5}},"loc":{"start":{"line":39,"column":13},"end":{"line":41,"column":5}},"line":39}},"branchMap":{"0":{"loc":{"start":{"line":6,"column":23},"end":{"line":6,"column":35}},"type":"default-arg","locations":[{"start":{"line":6,"column":33},"end":{"line":6,"column":35}}],"line":6}},"s":{"0":1,"1":1,"2":1,"3":11,"4":11,"5":11,"6":0,"7":0,"8":16,"9":0,"10":0,"11":0,"12":0,"13":10,"14":0,"15":0,"16":10,"17":0,"18":0,"19":1},"f":{"0":11,"1":0,"2":16,"3":0,"4":0,"5":0,"6":0,"7":10,"8":0,"9":0,"10":10,"11":0,"12":0},"b":{"0":[9]},"inputSourceMap":null,"_coverageSchema":"1a1c01bbd47fc00a2c39e90264f33305004495a9","hash":"de336bfbd3ec7cdd0f206d2c408b2c52224da6b5"}
}
