TN:
SF:bullMQAdapter.js
FNF:0
FNH:0
DA:1,1
LF:1
LH:1
BRF:0
BRH:0
end_of_record
TN:
SF:dist/src/index.js
FN:2,(anonymous_0)
FN:11,createBullBoard
FNF:2
FNH:2
FNDA:2,(anonymous_0)
FNDA:8,createBullBoard
DA:2,2
DA:3,2
DA:5,2
DA:6,2
DA:7,2
DA:8,2
DA:9,2
DA:10,2
DA:12,8
DA:13,8
DA:14,8
DA:21,8
DA:23,2
LF:13
LH:13
BRDA:2,0,0,2
BRDA:2,0,1,2
BRDA:2,0,2,2
BRDA:3,1,0,0
BRDA:3,1,1,2
BRDA:3,2,0,2
BRDA:3,2,1,2
BRF:7
BRH:6
end_of_record
TN:
SF:dist/src/queuesApi.js
FN:4,getQueuesApi
FN:6,addQueue
FN:10,removeQueue
FN:14,setQueues
FN:15,(anonymous_4)
FN:20,replaceQueues
FN:21,(anonymous_6)
FN:22,(anonymous_7)
FNF:8
FNH:8
FNDA:8,getQueuesApi
FNDA:3,addQueue
FNDA:2,removeQueue
FNDA:10,setQueues
FNDA:7,(anonymous_4)
FNDA:2,replaceQueues
FNDA:2,(anonymous_6)
FNDA:2,(anonymous_7)
DA:2,2
DA:3,2
DA:5,8
DA:7,3
DA:8,3
DA:11,2
DA:12,2
DA:15,10
DA:16,7
DA:17,7
DA:21,2
DA:22,2
DA:23,2
DA:24,2
DA:27,2
DA:29,8
DA:30,8
DA:32,2
LF:18
LH:18
BRDA:11,0,0,1
BRDA:11,0,1,1
BRDA:23,1,0,2
BRDA:23,1,1,0
BRF:4
BRH:3
end_of_record
TN:
SF:dist/src/routes.js
FNF:0
FNH:0
DA:2,2
DA:3,2
DA:4,2
DA:5,2
DA:6,2
DA:7,2
DA:8,2
DA:9,2
DA:10,2
DA:11,2
DA:12,2
DA:13,2
DA:14,2
DA:15,2
LF:14
LH:14
BRF:0
BRH:0
end_of_record
TN:
SF:dist/src/constants/statuses.js
FNF:0
FNH:0
DA:2,2
DA:3,2
DA:4,2
LF:3
LH:3
BRF:0
BRH:0
end_of_record
TN:
SF:dist/src/handlers/cleanAll.js
FN:5,cleanAll
FNF:1
FNH:0
FNDA:0,cleanAll
DA:2,2
DA:3,2
DA:4,2
DA:6,0
DA:7,0
DA:8,0
DA:9,0
DA:14,2
LF:8
LH:4
BRF:0
BRH:0
end_of_record
TN:
SF:dist/src/handlers/cleanJob.js
FN:6,cleanJob
FNF:1
FNH:0
FNDA:0,cleanJob
DA:2,2
DA:3,2
DA:4,2
DA:5,2
DA:7,0
DA:8,0
DA:13,2
LF:7
LH:5
BRF:0
BRH:0
end_of_record
TN:
SF:dist/src/handlers/entryPoint.js
FN:4,entryPoint
FNF:1
FNH:1
FNDA:8,entryPoint
DA:2,2
DA:3,2
DA:5,8
DA:7,2
LF:4
LH:4
BRF:0
BRH:0
end_of_record
TN:
SF:dist/src/handlers/error.js
FN:4,errorHandler
FNF:1
FNH:0
FNDA:0,errorHandler
DA:2,2
DA:3,2
DA:5,0
DA:14,2
LF:4
LH:3
BRF:0
BRH:0
end_of_record
TN:
SF:dist/src/handlers/jobLogs.js
FN:5,jobLogs
FNF:1
FNH:0
FNDA:0,jobLogs
DA:2,2
DA:3,2
DA:4,2
DA:6,0
DA:7,0
DA:8,0
DA:13,2
LF:7
LH:4
BRF:0
BRH:0
end_of_record
TN:
SF:dist/src/handlers/pauseQueue.js
FN:5,pauseQueue
FNF:1
FNH:0
FNDA:0,pauseQueue
DA:2,2
DA:3,2
DA:4,2
DA:6,0
DA:7,0
DA:9,2
LF:6
LH:4
BRF:0
BRH:0
end_of_record
TN:
SF:dist/src/handlers/promotJob.js
FN:6,promoteJob
FNF:1
FNH:0
FNDA:0,promoteJob
DA:2,2
DA:3,2
DA:4,2
DA:5,2
DA:7,0
DA:8,0
DA:13,2
LF:7
LH:5
BRF:0
BRH:0
end_of_record
TN:
SF:dist/src/handlers/queues.js
FN:5,(anonymous_0)
FN:34,getPagination
FN:37,(anonymous_2)
FN:46,getAppQueues
FN:47,(anonymous_4)
FN:62,(anonymous_5)
FN:70,queuesHandler
FNF:7
FNH:5
FNDA:0,(anonymous_0)
FNDA:10,getPagination
FNDA:60,(anonymous_2)
FNDA:9,getAppQueues
FNDA:10,(anonymous_4)
FNDA:0,(anonymous_5)
FNDA:12,queuesHandler
DA:2,2
DA:3,2
DA:4,2
DA:5,2
DA:6,0
DA:7,0
DA:8,0
DA:25,2
DA:33,2
DA:35,10
DA:36,10
DA:37,60
DA:39,10
DA:40,10
DA:41,10
DA:47,9
DA:48,10
DA:49,10
DA:50,10
DA:51,10
DA:52,10
DA:53,10
DA:54,10
DA:57,10
DA:58,10
DA:62,0
DA:71,12
DA:72,12
DA:73,12
DA:79,2
LF:30
LH:26
BRDA:7,0,0,0
BRDA:7,0,1,0
BRDA:22,1,0,0
BRDA:22,1,1,0
BRDA:22,1,2,0
BRDA:36,2,0,10
BRDA:36,2,1,0
BRDA:39,3,0,10
BRDA:39,3,1,0
BRDA:40,4,0,10
BRDA:40,4,1,0
BRDA:49,5,0,10
BRDA:49,5,1,0
BRDA:49,6,0,10
BRDA:49,6,1,0
BRDA:50,7,0,10
BRDA:50,7,1,10
BRDA:54,8,0,0
BRDA:54,8,1,10
BRDA:57,9,0,10
BRDA:57,9,1,10
BRDA:70,10,0,0
BRDA:72,11,0,9
BRDA:72,11,1,3
BRF:24
BRH:12
end_of_record
TN:
SF:dist/src/handlers/redisStats.js
FN:5,formatUptime
FN:21,getStats
FN:42,redisStatsHandler
FNF:3
FNH:0
FNDA:0,formatUptime
FNDA:0,getStats
FNDA:0,redisStatsHandler
DA:2,2
DA:3,2
DA:4,2
DA:6,0
DA:7,0
DA:9,0
DA:11,0
DA:12,0
DA:13,0
DA:14,0
DA:15,0
DA:16,0
DA:17,0
DA:18,0
DA:19,0
DA:22,0
DA:23,0
DA:24,0
DA:43,0
DA:44,0
DA:45,0
DA:49,2
LF:22
LH:4
BRDA:11,0,0,0
BRDA:11,0,1,0
BRDA:12,1,0,0
BRDA:12,1,1,0
BRDA:13,2,0,0
BRDA:13,2,1,0
BRDA:14,3,0,0
BRDA:14,3,1,0
BRDA:15,4,0,0
BRDA:15,4,1,0
BRDA:16,5,0,0
BRDA:16,5,1,0
BRDA:17,6,0,0
BRDA:17,6,1,0
BRDA:17,7,0,0
BRDA:17,7,1,0
BRDA:18,8,0,0
BRDA:18,8,1,0
BRDA:31,9,0,0
BRDA:31,9,1,0
BRDA:44,10,0,0
BRDA:44,10,1,0
BRF:22
BRH:0
end_of_record
TN:
SF:dist/src/handlers/resumeQueue.js
FN:5,resumeQueue
FNF:1
FNH:0
FNDA:0,resumeQueue
DA:2,2
DA:3,2
DA:4,2
DA:6,0
DA:7,0
DA:9,2
LF:6
LH:4
BRF:0
BRH:0
end_of_record
TN:
SF:dist/src/handlers/retryAll.js
FN:6,retryAll
FN:8,(anonymous_1)
FNF:2
FNH:0
FNDA:0,retryAll
FNDA:0,(anonymous_1)
DA:2,2
DA:3,2
DA:4,2
DA:5,2
DA:7,0
DA:8,0
DA:9,0
DA:11,2
LF:8
LH:5
BRF:0
BRH:0
end_of_record
TN:
SF:dist/src/handlers/retryJob.js
FN:6,retryJob
FNF:1
FNH:0
FNDA:0,retryJob
DA:2,2
DA:3,2
DA:4,2
DA:5,2
DA:7,0
DA:8,0
DA:13,2
LF:7
LH:5
BRF:0
BRH:0
end_of_record
TN:
SF:dist/src/providers/job.js
FN:4,jobProvider
FN:5,(anonymous_1)
FNF:2
FNH:1
FNDA:6,jobProvider
FNDA:0,(anonymous_1)
DA:2,2
DA:3,2
DA:5,6
DA:6,0
DA:7,0
DA:8,0
DA:9,0
DA:16,0
DA:19,2
LF:9
LH:4
BRDA:8,0,0,0
BRDA:8,0,1,0
BRF:2
BRH:0
end_of_record
TN:
SF:dist/src/providers/queue.js
FN:4,queueProvider
FN:5,(anonymous_1)
FNF:2
FNH:1
FNDA:16,queueProvider
FNDA:0,(anonymous_1)
DA:2,2
DA:3,2
DA:5,16
DA:6,0
DA:7,0
DA:8,0
DA:9,0
DA:11,0
DA:12,0
DA:17,0
DA:20,2
LF:11
LH:4
BRDA:4,0,0,14
BRDA:4,1,0,14
BRDA:8,2,0,0
BRDA:8,2,1,0
BRDA:11,3,0,0
BRDA:11,3,1,0
BRDA:11,4,0,0
BRDA:11,4,1,0
BRF:8
BRH:2
end_of_record
TN:
SF:dist/src/queueAdapters/base.js
FN:5,(anonymous_0)
FN:12,(anonymous_1)
FN:15,(anonymous_2)
FN:19,(anonymous_3)
FNF:4
FNH:2
FNDA:11,(anonymous_0)
FNDA:10,(anonymous_1)
FNDA:0,(anonymous_2)
FNDA:0,(anonymous_3)
DA:2,1
DA:3,1
DA:6,11
DA:7,11
DA:8,11
DA:9,11
DA:10,11
DA:13,10
DA:16,0
DA:20,0
DA:21,0
DA:24,1
LF:12
LH:9
BRDA:5,0,0,0
BRDA:8,1,0,1
BRDA:8,1,1,10
BRDA:9,2,0,11
BRDA:9,2,1,11
BRDA:10,3,0,11
BRDA:10,3,1,11
BRDA:19,4,0,0
BRDA:21,5,0,0
BRDA:21,5,1,0
BRF:10
BRH:6
end_of_record
TN:
SF:dist/src/queueAdapters/bullMQ.js
FN:6,(anonymous_0)
FN:11,(anonymous_1)
FN:15,(anonymous_2)
FN:18,(anonymous_3)
FN:19,(anonymous_4)
FN:21,(anonymous_5)
FN:24,(anonymous_6)
FN:27,(anonymous_7)
FN:30,(anonymous_8)
FN:31,(anonymous_9)
FN:33,(anonymous_10)
FN:36,(anonymous_11)
FN:39,(anonymous_12)
FNF:13
FNH:4
FNDA:11,(anonymous_0)
FNDA:0,(anonymous_1)
FNDA:16,(anonymous_2)
FNDA:0,(anonymous_3)
FNDA:0,(anonymous_4)
FNDA:0,(anonymous_5)
FNDA:0,(anonymous_6)
FNDA:10,(anonymous_7)
FNDA:0,(anonymous_8)
FNDA:0,(anonymous_9)
FNDA:10,(anonymous_10)
FNDA:0,(anonymous_11)
FNDA:0,(anonymous_12)
DA:2,1
DA:3,1
DA:4,1
DA:7,11
DA:8,11
DA:9,11
DA:12,0
DA:13,0
DA:16,16
DA:19,0
DA:22,0
DA:25,0
DA:28,10
DA:31,0
DA:34,10
DA:37,0
DA:40,0
DA:43,1
LF:18
LH:10
BRDA:6,0,0,9
BRF:1
BRH:1
end_of_record
